# JRE version: OpenJDK Runtime Environment (8.0_112) (build 1.8.0_112-release-736)
# Java VM: OpenJDK 64-Bit Server VM (25.112-b736 mixed mode windows-amd64 compressed oops)
Heap:
 PSYoungGen      total 164352K, used 44731K [0x00000000e0000000, 0x00000000eb900000, 0x0000000100000000)
  eden space 147456K, 23% used [0x00000000e0000000,0x00000000e2122340,0x00000000e9000000)
  from space 16896K, 63% used [0x00000000ea880000,0x00000000eb30c9d0,0x00000000eb900000)
  to   space 20992K, 0% used [0x00000000e9000000,0x00000000e9000000,0x00000000ea480000)
 ParOldGen       total 169472K, used 45890K [0x00000000a0000000, 0x00000000aa580000, 0x00000000e0000000)
  object space 169472K, 27% used [0x00000000a0000000,0x00000000a2cd0948,0x00000000aa580000)
 Metaspace       used 68740K, capacity 72720K, committed 72792K, reserved 1112064K
  class space    used 9101K, capacity 10101K, committed 10112K, reserved 1048576K
GC Heap History (10 events):
Event: 14.484 GC heap before
{Heap before GC invocations=17 (full 3):
 PSYoungGen      total 131584K, used 19966K [0x00000000e0000000, 0x00000000ea800000, 0x0000000100000000)
  eden space 111616K, 0% used [0x00000000e0000000,0x00000000e0000000,0x00000000e6d00000)
  from space 19968K, 99% used [0x00000000e8580000,0x00000000e98ffbb8,0x00000000e9900000)
  to   space 25088K, 0% used [0x00000000e6d00000,0x00000000e6d00000,0x00000000e8580000)
 ParOldGen       total 105472K, used 31984K [0x00000000a0000000, 0x00000000a6700000, 0x00000000e0000000)
  object space 105472K, 30% used [0x00000000a0000000,0x00000000a1f3c020,0x00000000a6700000)
 Metaspace       used 56829K, capacity 58918K, committed 58968K, reserved 1099776K
  class space    used 7730K, capacity 8290K, committed 8320K, reserved 1048576K
Event: 14.844 GC heap after
Heap after GC invocations=17 (full 3):
 PSYoungGen      total 131584K, used 0K [0x00000000e0000000, 0x00000000ea800000, 0x0000000100000000)
  eden space 111616K, 0% used [0x00000000e0000000,0x00000000e0000000,0x00000000e6d00000)
  from space 19968K, 0% used [0x00000000e8580000,0x00000000e8580000,0x00000000e9900000)
  to   space 25088K, 0% used [0x00000000e6d00000,0x00000000e6d00000,0x00000000e8580000)
 ParOldGen       total 169472K, used 45866K [0x00000000a0000000, 0x00000000aa580000, 0x00000000e0000000)
  object space 169472K, 27% used [0x00000000a0000000,0x00000000a2cca948,0x00000000aa580000)
 Metaspace       used 56829K, capacity 58918K, committed 58968K, reserved 1099776K
  class space    used 7730K, capacity 8290K, committed 8320K, reserved 1048576K
}
Event: 101.416 GC heap before
{Heap before GC invocations=18 (full 3):
 PSYoungGen      total 131584K, used 111616K [0x00000000e0000000, 0x00000000ea800000, 0x0000000100000000)
  eden space 111616K, 100% used [0x00000000e0000000,0x00000000e6d00000,0x00000000e6d00000)
  from space 19968K, 0% used [0x00000000e8580000,0x00000000e8580000,0x00000000e9900000)
  to   space 25088K, 0% used [0x00000000e6d00000,0x00000000e6d00000,0x00000000e8580000)
 ParOldGen       total 169472K, used 45866K [0x00000000a0000000, 0x00000000aa580000, 0x00000000e0000000)
  object space 169472K, 27% used [0x00000000a0000000,0x00000000a2cca948,0x00000000aa580000)
 Metaspace       used 62126K, capacity 64994K, committed 65112K, reserved 1105920K
  class space    used 8247K, capacity 9001K, committed 9088K, reserved 1048576K
Event: 101.428 GC heap after
Heap after GC invocations=18 (full 3):
 PSYoungGen      total 136704K, used 8503K [0x00000000e0000000, 0x00000000eb380000, 0x0000000100000000)
  eden space 111616K, 0% used [0x00000000e0000000,0x00000000e0000000,0x00000000e6d00000)
  from space 25088K, 33% used [0x00000000e6d00000,0x00000000e754de88,0x00000000e8580000)
  to   space 24064K, 0% used [0x00000000e9c00000,0x00000000e9c00000,0x00000000eb380000)
 ParOldGen       total 169472K, used 45874K [0x00000000a0000000, 0x00000000aa580000, 0x00000000e0000000)
  object space 169472K, 27% used [0x00000000a0000000,0x00000000a2ccc948,0x00000000aa580000)
 Metaspace       used 62126K, capacity 64994K, committed 65112K, reserved 1105920K
  class space    used 8247K, capacity 9001K, committed 9088K, reserved 1048576K
}
Event: 105.386 GC heap before
{Heap before GC invocations=19 (full 3):
 PSYoungGen      total 136704K, used 120119K [0x00000000e0000000, 0x00000000eb380000, 0x0000000100000000)
  eden space 111616K, 100% used [0x00000000e0000000,0x00000000e6d00000,0x00000000e6d00000)
  from space 25088K, 33% used [0x00000000e6d00000,0x00000000e754de88,0x00000000e8580000)
  to   space 24064K, 0% used [0x00000000e9c00000,0x00000000e9c00000,0x00000000eb380000)
 ParOldGen       total 169472K, used 45874K [0x00000000a0000000, 0x00000000aa580000, 0x00000000e0000000)
  object space 169472K, 27% used [0x00000000a0000000,0x00000000a2ccc948,0x00000000aa580000)
 Metaspace       used 64071K, capacity 67340K, committed 67416K, reserved 1107968K
  class space    used 8502K, capacity 9339K, committed 9344K, reserved 1048576K
Event: 105.439 GC heap after
Heap after GC invocations=19 (full 3):
 PSYoungGen      total 156672K, used 8130K [0x00000000e0000000, 0x00000000eb180000, 0x0000000100000000)
  eden space 134656K, 0% used [0x00000000e0000000,0x00000000e0000000,0x00000000e8380000)
  from space 22016K, 36% used [0x00000000e9c00000,0x00000000ea3f09a0,0x00000000eb180000)
  to   space 23552K, 0% used [0x00000000e8380000,0x00000000e8380000,0x00000000e9a80000)
 ParOldGen       total 169472K, used 45874K [0x00000000a0000000, 0x00000000aa580000, 0x00000000e0000000)
  object space 169472K, 27% used [0x00000000a0000000,0x00000000a2ccc948,0x00000000aa580000)
 Metaspace       used 64071K, capacity 67340K, committed 67416K, reserved 1107968K
  class space    used 8502K, capacity 9339K, committed 9344K, reserved 1048576K
}
Event: 150.564 GC heap before
{Heap before GC invocations=20 (full 3):
 PSYoungGen      total 156672K, used 142786K [0x00000000e0000000, 0x00000000eb180000, 0x0000000100000000)
  eden space 134656K, 100% used [0x00000000e0000000,0x00000000e8380000,0x00000000e8380000)
  from space 22016K, 36% used [0x00000000e9c00000,0x00000000ea3f09a0,0x00000000eb180000)
  to   space 23552K, 0% used [0x00000000e8380000,0x00000000e8380000,0x00000000e9a80000)
 ParOldGen       total 169472K, used 45874K [0x00000000a0000000, 0x00000000aa580000, 0x00000000e0000000)
  object space 169472K, 27% used [0x00000000a0000000,0x00000000a2ccc948,0x00000000aa580000)
 Metaspace       used 67744K, capacity 71338K, committed 71640K, reserved 1112064K
  class space    used 8991K, capacity 9912K, committed 9984K, reserved 1048576K
Event: 150.576 GC heap after
Heap after GC invocations=20 (full 3):
 PSYoungGen      total 158208K, used 11312K [0x00000000e0000000, 0x00000000ebe80000, 0x0000000100000000)
  eden space 134656K, 0% used [0x00000000e0000000,0x00000000e0000000,0x00000000e8380000)
  from space 23552K, 48% used [0x00000000e8380000,0x00000000e8e8c3e8,0x00000000e9a80000)
  to   space 22528K, 0% used [0x00000000ea880000,0x00000000ea880000,0x00000000ebe80000)
 ParOldGen       total 169472K, used 45882K [0x00000000a0000000, 0x00000000aa580000, 0x00000000e0000000)
  object space 169472K, 27% used [0x00000000a0000000,0x00000000a2cce948,0x00000000aa580000)
 Metaspace       used 67744K, capacity 71338K, committed 71640K, reserved 1112064K
  class space    used 8991K, capacity 9912K, committed 9984K, reserved 1048576K
}
Event: 168.859 GC heap before
{Heap before GC invocations=21 (full 3):
 PSYoungGen      total 158208K, used 145968K [0x00000000e0000000, 0x00000000ebe80000, 0x0000000100000000)
  eden space 134656K, 100% used [0x00000000e0000000,0x00000000e8380000,0x00000000e8380000)
  from space 23552K, 48% used [0x00000000e8380000,0x00000000e8e8c3e8,0x00000000e9a80000)
  to   space 22528K, 0% used [0x00000000ea880000,0x00000000ea880000,0x00000000ebe80000)
 ParOldGen       total 169472K, used 45882K [0x00000000a0000000, 0x00000000aa580000, 0x00000000e0000000)
  object space 169472K, 27% used [0x00000000a0000000,0x00000000a2cce948,0x00000000aa580000)
 Metaspace       used 68191K, capacity 72056K, committed 72280K, reserved 1112064K
  class space    used 9032K, capacity 10027K, committed 10112K, reserved 1048576K
Event: 168.877 GC heap after
Heap after GC invocations=21 (full 3):
 PSYoungGen      total 164352K, used 10802K [0x00000000e0000000, 0x00000000eb900000, 0x0000000100000000)
  eden space 147456K, 0% used [0x00000000e0000000,0x00000000e0000000,0x00000000e9000000)
  from space 16896K, 63% used [0x00000000ea880000,0x00000000eb30c9d0,0x00000000eb900000)
  to   space 20992K, 0% used [0x00000000e9000000,0x00000000e9000000,0x00000000ea480000)
 ParOldGen       total 169472K, used 45890K [0x00000000a0000000, 0x00000000aa580000, 0x00000000e0000000)
  object space 169472K, 27% used [0x00000000a0000000,0x00000000a2cd0948,0x00000000aa580000)
 Metaspace       used 68191K, capacity 72056K, committed 72280K, reserved 1112064K
  class space    used 9032K, capacity 10027K, committed 10112K, reserved 1048576K
}

