# JRE version: OpenJDK Runtime Environment (8.0_112) (build 1.8.0_112-release-736)
# Java VM: OpenJDK 64-Bit Server VM (25.112-b736 mixed mode windows-amd64 compressed oops)
Heap:
 PSYoungGen      total 284160K, used 186588K [0x00000000e0000000, 0x00000000f6100000, 0x0000000100000000)
  eden space 269312K, 65% used [0x00000000e0000000,0x00000000eabc0f20,0x00000000f0700000)
  from space 14848K, 72% used [0x00000000f5280000,0x00000000f5cf62a0,0x00000000f6100000)
  to   space 46080K, 0% used [0x00000000f0700000,0x00000000f0700000,0x00000000f3400000)
 ParOldGen       total 176128K, used 132091K [0x00000000a0000000, 0x00000000aac00000, 0x00000000e0000000)
  object space 176128K, 74% used [0x00000000a0000000,0x00000000a80fef10,0x00000000aac00000)
 Metaspace       used 83611K, capacity 92204K, committed 92416K, reserved 1128448K
  class space    used 10742K, capacity 12769K, committed 12800K, reserved 1048576K
GC Heap History (10 events):
Event: 10790.733 GC heap before
{Heap before GC invocations=51 (full 3):
 PSYoungGen      total 275968K, used 248575K [0x00000000e0000000, 0x00000000f5780000, 0x0000000100000000)
  eden space 228352K, 100% used [0x00000000e0000000,0x00000000edf00000,0x00000000edf00000)
  from space 47616K, 42% used [0x00000000edf00000,0x00000000ef2bfd40,0x00000000f0d80000)
  to   space 46080K, 0% used [0x00000000f2a80000,0x00000000f2a80000,0x00000000f5780000)
 ParOldGen       total 176128K, used 126160K [0x00000000a0000000, 0x00000000aac00000, 0x00000000e0000000)
  object space 176128K, 71% used [0x00000000a0000000,0x00000000a7b34250,0x00000000aac00000)
 Metaspace       used 81676K, capacity 89782K, committed 90112K, reserved 1126400K
  class space    used 10546K, capacity 12430K, committed 12544K, reserved 1048576K
Event: 10790.745 GC heap after
Heap after GC invocations=51 (full 3):
 PSYoungGen      total 300544K, used 8246K [0x00000000e0000000, 0x00000000f5580000, 0x0000000100000000)
  eden space 256512K, 0% used [0x00000000e0000000,0x00000000e0000000,0x00000000efa80000)
  from space 44032K, 18% used [0x00000000f2a80000,0x00000000f328dad8,0x00000000f5580000)
  to   space 46592K, 0% used [0x00000000efa80000,0x00000000efa80000,0x00000000f2800000)
 ParOldGen       total 176128K, used 129498K [0x00000000a0000000, 0x00000000aac00000, 0x00000000e0000000)
  object space 176128K, 73% used [0x00000000a0000000,0x00000000a7e769b0,0x00000000aac00000)
 Metaspace       used 81676K, capacity 89782K, committed 90112K, reserved 1126400K
  class space    used 10546K, capacity 12430K, committed 12544K, reserved 1048576K
}
Event: 10797.192 GC heap before
{Heap before GC invocations=52 (full 3):
 PSYoungGen      total 300544K, used 264758K [0x00000000e0000000, 0x00000000f5580000, 0x0000000100000000)
  eden space 256512K, 100% used [0x00000000e0000000,0x00000000efa80000,0x00000000efa80000)
  from space 44032K, 18% used [0x00000000f2a80000,0x00000000f328dad8,0x00000000f5580000)
  to   space 46592K, 0% used [0x00000000efa80000,0x00000000efa80000,0x00000000f2800000)
 ParOldGen       total 176128K, used 129498K [0x00000000a0000000, 0x00000000aac00000, 0x00000000e0000000)
  object space 176128K, 73% used [0x00000000a0000000,0x00000000a7e769b0,0x00000000aac00000)
 Metaspace       used 81839K, capacity 89966K, committed 90112K, reserved 1126400K
  class space    used 10557K, capacity 12470K, committed 12544K, reserved 1048576K
Event: 10797.210 GC heap after
Heap after GC invocations=52 (full 3):
 PSYoungGen      total 303104K, used 22049K [0x00000000e0000000, 0x00000000f6a80000, 0x0000000100000000)
  eden space 256512K, 0% used [0x00000000e0000000,0x00000000e0000000,0x00000000efa80000)
  from space 46592K, 47% used [0x00000000efa80000,0x00000000f1008788,0x00000000f2800000)
  to   space 44032K, 0% used [0x00000000f3f80000,0x00000000f3f80000,0x00000000f6a80000)
 ParOldGen       total 176128K, used 132075K [0x00000000a0000000, 0x00000000aac00000, 0x00000000e0000000)
  object space 176128K, 74% used [0x00000000a0000000,0x00000000a80faf10,0x00000000aac00000)
 Metaspace       used 81839K, capacity 89966K, committed 90112K, reserved 1126400K
  class space    used 10557K, capacity 12470K, committed 12544K, reserved 1048576K
}
Event: 11069.423 GC heap before
{Heap before GC invocations=53 (full 3):
 PSYoungGen      total 303104K, used 278561K [0x00000000e0000000, 0x00000000f6a80000, 0x0000000100000000)
  eden space 256512K, 100% used [0x00000000e0000000,0x00000000efa80000,0x00000000efa80000)
  from space 46592K, 47% used [0x00000000efa80000,0x00000000f1008788,0x00000000f2800000)
  to   space 44032K, 0% used [0x00000000f3f80000,0x00000000f3f80000,0x00000000f6a80000)
 ParOldGen       total 176128K, used 132075K [0x00000000a0000000, 0x00000000aac00000, 0x00000000e0000000)
  object space 176128K, 74% used [0x00000000a0000000,0x00000000a80faf10,0x00000000aac00000)
 Metaspace       used 81927K, capacity 90172K, committed 90368K, reserved 1126400K
  class space    used 10570K, capacity 12511K, committed 12544K, reserved 1048576K
Event: 11069.437 GC heap after
Heap after GC invocations=53 (full 3):
 PSYoungGen      total 318976K, used 8738K [0x00000000e0000000, 0x00000000f6680000, 0x0000000100000000)
  eden space 279040K, 0% used [0x00000000e0000000,0x00000000e0000000,0x00000000f1080000)
  from space 39936K, 21% used [0x00000000f3f80000,0x00000000f4808ad0,0x00000000f6680000)
  to   space 44032K, 0% used [0x00000000f1080000,0x00000000f1080000,0x00000000f3b80000)
 ParOldGen       total 176128K, used 132083K [0x00000000a0000000, 0x00000000aac00000, 0x00000000e0000000)
  object space 176128K, 74% used [0x00000000a0000000,0x00000000a80fcf10,0x00000000aac00000)
 Metaspace       used 81927K, capacity 90172K, committed 90368K, reserved 1126400K
  class space    used 10570K, capacity 12511K, committed 12544K, reserved 1048576K
}
Event: 11081.238 GC heap before
{Heap before GC invocations=54 (full 3):
 PSYoungGen      total 318976K, used 287778K [0x00000000e0000000, 0x00000000f6680000, 0x0000000100000000)
  eden space 279040K, 100% used [0x00000000e0000000,0x00000000f1080000,0x00000000f1080000)
  from space 39936K, 21% used [0x00000000f3f80000,0x00000000f4808ad0,0x00000000f6680000)
  to   space 44032K, 0% used [0x00000000f1080000,0x00000000f1080000,0x00000000f3b80000)
 ParOldGen       total 176128K, used 132083K [0x00000000a0000000, 0x00000000aac00000, 0x00000000e0000000)
  object space 176128K, 74% used [0x00000000a0000000,0x00000000a80fcf10,0x00000000aac00000)
 Metaspace       used 82046K, capacity 90438K, committed 90752K, reserved 1128448K
  class space    used 10582K, capacity 12552K, committed 12672K, reserved 1048576K
Event: 11081.261 GC heap after
Heap after GC invocations=54 (full 3):
 PSYoungGen      total 323072K, used 33887K [0x00000000e0000000, 0x00000000f8000000, 0x0000000100000000)
  eden space 279040K, 0% used [0x00000000e0000000,0x00000000e0000000,0x00000000f1080000)
  from space 44032K, 76% used [0x00000000f1080000,0x00000000f3197e10,0x00000000f3b80000)
  to   space 46592K, 0% used [0x00000000f5280000,0x00000000f5280000,0x00000000f8000000)
 ParOldGen       total 176128K, used 132083K [0x00000000a0000000, 0x00000000aac00000, 0x00000000e0000000)
  object space 176128K, 74% used [0x00000000a0000000,0x00000000a80fcf10,0x00000000aac00000)
 Metaspace       used 82046K, capacity 90438K, committed 90752K, reserved 1128448K
  class space    used 10582K, capacity 12552K, committed 12672K, reserved 1048576K
}
Event: 11789.862 GC heap before
{Heap before GC invocations=55 (full 3):
 PSYoungGen      total 323072K, used 312927K [0x00000000e0000000, 0x00000000f8000000, 0x0000000100000000)
  eden space 279040K, 100% used [0x00000000e0000000,0x00000000f1080000,0x00000000f1080000)
  from space 44032K, 76% used [0x00000000f1080000,0x00000000f3197e10,0x00000000f3b80000)
  to   space 46592K, 0% used [0x00000000f5280000,0x00000000f5280000,0x00000000f8000000)
 ParOldGen       total 176128K, used 132083K [0x00000000a0000000, 0x00000000aac00000, 0x00000000e0000000)
  object space 176128K, 74% used [0x00000000a0000000,0x00000000a80fcf10,0x00000000aac00000)
 Metaspace       used 82468K, capacity 91002K, committed 91136K, reserved 1128448K
  class space    used 10643K, capacity 12680K, committed 12800K, reserved 1048576K
Event: 11789.879 GC heap after
Heap after GC invocations=55 (full 3):
 PSYoungGen      total 284160K, used 10712K [0x00000000e0000000, 0x00000000f6100000, 0x0000000100000000)
  eden space 269312K, 0% used [0x00000000e0000000,0x00000000e0000000,0x00000000f0700000)
  from space 14848K, 72% used [0x00000000f5280000,0x00000000f5cf62a0,0x00000000f6100000)
  to   space 46080K, 0% used [0x00000000f0700000,0x00000000f0700000,0x00000000f3400000)
 ParOldGen       total 176128K, used 132091K [0x00000000a0000000, 0x00000000aac00000, 0x00000000e0000000)
  object space 176128K, 74% used [0x00000000a0000000,0x00000000a80fef10,0x00000000aac00000)
 Metaspace       used 82468K, capacity 91002K, committed 91136K, reserved 1128448K
  class space    used 10643K, capacity 12680K, committed 12800K, reserved 1048576K
}

